<?xml version="1.0" encoding="UTF-8"?>
<testsuite xmlns:xsi="http://www.w3.org/2001/XMLSchema-instance" xsi:schemaLocation="https://maven.apache.org/surefire/maven-surefire-plugin/xsd/surefire-test-report.xsd" name="TestSuite" time="2.781" tests="6" errors="0" skipped="5" failures="1">
  <properties>
[...]
</properties>
  <testcase name="setup" classname="ClearTripTests.FlightsTest" time="2.713">
    <failure message="java/sql/Time" type="java.lang.NoClassDefFoundError">java.lang.NoClassDefFoundError: java/sql/Time
	at ClearTripTests.FlightsTest.setup(FlightsTest.java:33)
Caused by: java.lang.ClassNotFoundException: java.sql.Time
	at ClearTripTests.FlightsTest.setup(FlightsTest.java:33)
</failure>
    <system-err><![CDATA[SLF4J: Failed to load class "org.slf4j.impl.StaticLoggerBinder".
SLF4J: Defaulting to no-operation (NOP) logger implementation
SLF4J: See http://www.slf4j.org/codes.html#StaticLoggerBinder for further details.
]]></system-err>
  </testcase>
  <testcase name="searchFlights" classname="ClearTripTests.FlightsTest" time="0">
    <skipped/>
  </testcase>
  <testcase name="bookFlights" classname="ClearTripTests.FlightsTest" time="0">
    <skipped/>
  </testcase>
  <testcase name="selectFare" classname="ClearTripTests.FlightsTest" time="0">
    <skipped/>
  </testcase>
  <testcase name="addContactDetails" classname="ClearTripTests.FlightsTest" time="0">
    <skipped/>
  </testcase>
  <testcase name="close" classname="ClearTripTests.FlightsTest" time="0">
    <skipped/>
  </testcase>
</testsuite>