<?xml version="1.0" encoding="UTF-8"?>
<testng-results total="4" passed="0" failed="0" skipped="4">
  <reporter-output>
  </reporter-output>
  <suite started-at="2021-09-12T11:09:06Z" name="Practice Suite" finished-at="2021-09-12T11:09:09Z" duration-ms="2561">
    <groups>
    </groups>
    <test started-at="2021-09-12T11:09:06Z" name="Test Basics 1" finished-at="2021-09-12T11:09:09Z" duration-ms="2561">
      <class name="ClearTripTests.FlightsTest">
        <test-method is-config="true" signature="setup()[pri:0, instance:ClearTripTests.FlightsTest@539a138b]" started-at="2021-09-12T16:39:06Z" name="setup" finished-at="2021-09-12T16:39:06Z" duration-ms="0" status="FAIL">
          <exception class="java.lang.NoClassDefFoundError">
            <message>
              <![CDATA[java/sql/Time]]>
            </message>
            <full-stacktrace>
              <![CDATA[java.lang.NoClassDefFoundError: java/sql/Time
	at com.google.gson.Gson.<init>(Gson.java:265)
	at com.google.gson.GsonBuilder.create(GsonBuilder.java:597)
	at io.github.bonigarcia.wdm.WebDriverManager.getDriversFromGitHub(WebDriverManager.java:899)
	at io.github.bonigarcia.wdm.FirefoxDriverManager.getDrivers(FirefoxDriverManager.java:45)
	at io.github.bonigarcia.wdm.WebDriverManager.filterCandidateUrls(WebDriverManager.java:539)
	at io.github.bonigarcia.wdm.WebDriverManager.manage(WebDriverManager.java:456)
	at io.github.bonigarcia.wdm.WebDriverManager.setup(WebDriverManager.java:229)
	at ClearTripTests.CommonTestMethods.openBrowser(CommonTestMethods.java:43)
	at ClearTripTests.FlightsTest.setup(FlightsTest.java:33)
	at java.base/jdk.internal.reflect.NativeMethodAccessorImpl.invoke0(Native Method)
	at java.base/jdk.internal.reflect.NativeMethodAccessorImpl.invoke(NativeMethodAccessorImpl.java:62)
	at java.base/jdk.internal.reflect.DelegatingMethodAccessorImpl.invoke(DelegatingMethodAccessorImpl.java:43)
	at java.base/java.lang.reflect.Method.invoke(Method.java:564)
	at org.testng.internal.MethodInvocationHelper.invokeMethod(MethodInvocationHelper.java:80)
	at org.testng.internal.Invoker.invokeConfigurationMethod(Invoker.java:564)
	at org.testng.internal.Invoker.invokeConfigurations(Invoker.java:213)
	at org.testng.internal.Invoker.invokeConfigurations(Invoker.java:138)
	at org.testng.TestRunner.beforeRun(TestRunner.java:641)
	at org.testng.TestRunner.run(TestRunner.java:609)
	at org.testng.SuiteRunner.runTest(SuiteRunner.java:334)
	at org.testng.SuiteRunner.runSequentially(SuiteRunner.java:329)
	at org.testng.SuiteRunner.privateRun(SuiteRunner.java:291)
	at org.testng.SuiteRunner.run(SuiteRunner.java:240)
	at org.testng.SuiteRunnerWorker.runSuite(SuiteRunnerWorker.java:52)
	at org.testng.SuiteRunnerWorker.run(SuiteRunnerWorker.java:86)
	at org.testng.TestNG.runSuitesSequentially(TestNG.java:1198)
	at org.testng.TestNG.runSuitesLocally(TestNG.java:1123)
	at org.testng.TestNG.run(TestNG.java:1031)
	at org.apache.maven.surefire.testng.TestNGExecutor.run(TestNGExecutor.java:281)
	at org.apache.maven.surefire.testng.TestNGXmlTestSuite.execute(TestNGXmlTestSuite.java:75)
	at org.apache.maven.surefire.testng.TestNGProvider.invoke(TestNGProvider.java:121)
	at java.base/jdk.internal.reflect.NativeMethodAccessorImpl.invoke0(Native Method)
	at java.base/jdk.internal.reflect.NativeMethodAccessorImpl.invoke(NativeMethodAccessorImpl.java:62)
	at java.base/jdk.internal.reflect.DelegatingMethodAccessorImpl.invoke(DelegatingMethodAccessorImpl.java:43)
	at java.base/java.lang.reflect.Method.invoke(Method.java:564)
	at org.apache.maven.surefire.util.ReflectionUtils.invokeMethodWithArray2(ReflectionUtils.java:202)
	at org.apache.maven.surefire.booter.ProviderFactory$ProviderProxy.invoke(ProviderFactory.java:155)
	at org.apache.maven.surefire.booter.ProviderFactory.invokeProvider(ProviderFactory.java:81)
	at org.apache.maven.plugin.surefire.InPluginVMSurefireStarter.runSuitesInProcess(InPluginVMSurefireStarter.java:82)
	at org.apache.maven.plugin.surefire.AbstractSurefireMojo.executeProvider(AbstractSurefireMojo.java:1010)
	at org.apache.maven.plugin.surefire.AbstractSurefireMojo.executeAfterPreconditionsChecked(AbstractSurefireMojo.java:862)
	at org.apache.maven.plugin.surefire.AbstractSurefireMojo.execute(AbstractSurefireMojo.java:755)
	at org.apache.maven.plugin.DefaultBuildPluginManager.executeMojo(DefaultBuildPluginManager.java:137)
	at org.apache.maven.lifecycle.internal.MojoExecutor.execute(MojoExecutor.java:210)
	at org.apache.maven.lifecycle.internal.MojoExecutor.execute(MojoExecutor.java:156)
	at org.apache.maven.lifecycle.internal.MojoExecutor.execute(MojoExecutor.java:148)
	at org.apache.maven.lifecycle.internal.LifecycleModuleBuilder.buildProject(LifecycleModuleBuilder.java:117)
	at org.apache.maven.lifecycle.internal.LifecycleModuleBuilder.buildProject(LifecycleModuleBuilder.java:81)
	at org.apache.maven.lifecycle.internal.builder.singlethreaded.SingleThreadedBuilder.build(SingleThreadedBuilder.java:56)
	at org.apache.maven.lifecycle.internal.LifecycleStarter.execute(LifecycleStarter.java:128)
	at org.apache.maven.DefaultMaven.doExecute(DefaultMaven.java:305)
	at org.apache.maven.DefaultMaven.doExecute(DefaultMaven.java:192)
	at org.apache.maven.DefaultMaven.execute(DefaultMaven.java:105)
	at org.apache.maven.cli.MavenCli.execute(MavenCli.java:957)
	at org.apache.maven.cli.MavenCli.doMain(MavenCli.java:289)
	at org.apache.maven.cli.MavenCli.main(MavenCli.java:193)
	at java.base/jdk.internal.reflect.NativeMethodAccessorImpl.invoke0(Native Method)
	at java.base/jdk.internal.reflect.NativeMethodAccessorImpl.invoke(NativeMethodAccessorImpl.java:62)
	at java.base/jdk.internal.reflect.DelegatingMethodAccessorImpl.invoke(DelegatingMethodAccessorImpl.java:43)
	at java.base/java.lang.reflect.Method.invoke(Method.java:564)
	at org.codehaus.plexus.classworlds.launcher.Launcher.launchEnhanced(Launcher.java:282)
	at org.codehaus.plexus.classworlds.launcher.Launcher.launch(Launcher.java:225)
	at org.codehaus.plexus.classworlds.launcher.Launcher.mainWithExitCode(Launcher.java:406)
	at org.codehaus.plexus.classworlds.launcher.Launcher.main(Launcher.java:347)
Caused by: java.lang.ClassNotFoundException: java.sql.Time
	at java.base/java.net.URLClassLoader.findClass(URLClassLoader.java:435)
	at java.base/java.lang.ClassLoader.loadClass(ClassLoader.java:589)
	at java.base/java.lang.ClassLoader.loadClass(ClassLoader.java:522)
	at org.apache.maven.surefire.booter.IsolatedClassLoader.loadClass(IsolatedClassLoader.java:97)
	... 64 more
]]>
            </full-stacktrace>
          </exception> <!-- java.lang.NoClassDefFoundError -->
          <reporter-output>
          </reporter-output>
        </test-method> <!-- setup -->
        <test-method signature="searchFlights()[pri:0, instance:ClearTripTests.FlightsTest@539a138b]" started-at="2021-09-12T16:39:09Z" name="searchFlights" finished-at="2021-09-12T16:39:09Z" duration-ms="1" status="SKIP">
          <reporter-output>
          </reporter-output>
        </test-method> <!-- searchFlights -->
        <test-method is-config="true" signature="close()[pri:0, instance:ClearTripTests.FlightsTest@539a138b]" started-at="2021-09-12T16:39:09Z" name="close" finished-at="2021-09-12T16:39:09Z" duration-ms="0" status="SKIP">
          <reporter-output>
          </reporter-output>
        </test-method> <!-- close -->
        <test-method signature="selectFare()[pri:0, instance:ClearTripTests.FlightsTest@539a138b]" started-at="2021-09-12T16:39:09Z" name="selectFare" finished-at="2021-09-12T16:39:09Z" depends-on-methods="ClearTripTests.FlightsTest.bookFlights" duration-ms="0" status="SKIP">
          <reporter-output>
          </reporter-output>
        </test-method> <!-- selectFare -->
        <test-method signature="addContactDetails()[pri:0, instance:ClearTripTests.FlightsTest@539a138b]" started-at="2021-09-12T16:39:09Z" name="addContactDetails" finished-at="2021-09-12T16:39:09Z" depends-on-methods="ClearTripTests.FlightsTest.selectFare" duration-ms="0" status="SKIP">
          <reporter-output>
          </reporter-output>
        </test-method> <!-- addContactDetails -->
        <test-method signature="bookFlights()[pri:0, instance:ClearTripTests.FlightsTest@539a138b]" started-at="2021-09-12T16:39:09Z" name="bookFlights" finished-at="2021-09-12T16:39:09Z" depends-on-methods="ClearTripTests.FlightsTest.searchFlights" duration-ms="0" status="SKIP">
          <reporter-output>
          </reporter-output>
        </test-method> <!-- bookFlights -->
      </class> <!-- ClearTripTests.FlightsTest -->
    </test> <!-- Test Basics 1 -->
  </suite> <!-- Practice Suite -->
</testng-results>
