<?xml version="1.0" encoding="UTF-8"?>
<!-- Generated by org.testng.reporters.JUnitXMLReporter -->
<testsuite hostname="WKWIN3535701" failures="1" tests="4" name="Test Basics 1" time="7.701" errors="0" timestamp="12 Sep 2021 12:05:12 GMT">
  <testcase classname="ClearTripTests.FlightsTest" name="searchFlights" time="0.164">
    <failure type="org.openqa.selenium.NoSuchElementException" message="Unable to locate element: //h4[contains(text(),&amp;apos;From&amp;apos;)]/following-sibling::div//input[@placeholder=&amp;apos;Any worldwide city or airport&amp;apos;]
For documentation on this error, please visit: https://www.seleniumhq.org/exceptions/no_such_element.html
Build info: version: &amp;apos;3.141.59&amp;apos;, revision: &amp;apos;e82be7d358&amp;apos;, time: &amp;apos;2018-11-14T08:17:03&amp;apos;
System info: host: &amp;apos;WKWIN3535701&amp;apos;, ip: &amp;apos;127.0.0.1&amp;apos;, os.name: &amp;apos;Windows 10&amp;apos;, os.arch: &amp;apos;amd64&amp;apos;, os.version: &amp;apos;10.0&amp;apos;, java.version: &amp;apos;14.0.2&amp;apos;
Driver info: org.openqa.selenium.firefox.FirefoxDriver
Capabilities {acceptInsecureCerts: true, browserName: firefox, browserVersion: 90.0.2, javascriptEnabled: true, moz:accessibilityChecks: false, moz:buildID: 20210721174149, moz:geckodriverVersion: 0.29.1, moz:headless: false, moz:processID: 30340, moz:profile: C:\Users\monanand\AppData\L..., moz:shutdownTimeout: 60000, moz:useNonSpecCompliantPointerOrigin: false, moz:webdriverClick: true, pageLoadStrategy: normal, platform: WINDOWS, platformName: WINDOWS, platformVersion: 10.0, proxy: Proxy(), setWindowRect: true, strictFileInteractability: false, timeouts: {implicit: 0, pageLoad: 300000, script: 30000}, unhandledPromptBehavior: dismiss and notify}
Session ID: 9367a5ae-e8de-4693-a367-f389566b0fb8
*** Element info: {Using=xpath, value=//h4[contains(text(),&amp;apos;From&amp;apos;)]/following-sibling::div//input[@placeholder=&amp;apos;Any worldwide city or airport&amp;apos;]}">
      <![CDATA[org.openqa.selenium.NoSuchElementException: Unable to locate element: //h4[contains(text(),'From')]/following-sibling::div//input[@placeholder='Any worldwide city or airport']
For documentation on this error, please visit: https://www.seleniumhq.org/exceptions/no_such_element.html
Build info: version: '3.141.59', revision: 'e82be7d358', time: '2018-11-14T08:17:03'
System info: host: 'WKWIN3535701', ip: '127.0.0.1', os.name: 'Windows 10', os.arch: 'amd64', os.version: '10.0', java.version: '14.0.2'
Driver info: org.openqa.selenium.firefox.FirefoxDriver
Capabilities {acceptInsecureCerts: true, browserName: firefox, browserVersion: 90.0.2, javascriptEnabled: true, moz:accessibilityChecks: false, moz:buildID: 20210721174149, moz:geckodriverVersion: 0.29.1, moz:headless: false, moz:processID: 30340, moz:profile: C:\Users\monanand\AppData\L..., moz:shutdownTimeout: 60000, moz:useNonSpecCompliantPointerOrigin: false, moz:webdriverClick: true, pageLoadStrategy: normal, platform: WINDOWS, platformName: WINDOWS, platformVersion: 10.0, proxy: Proxy(), setWindowRect: true, strictFileInteractability: false, timeouts: {implicit: 0, pageLoad: 300000, script: 30000}, unhandledPromptBehavior: dismiss and notify}
Session ID: 9367a5ae-e8de-4693-a367-f389566b0fb8
*** Element info: {Using=xpath, value=//h4[contains(text(),'From')]/following-sibling::div//input[@placeholder='Any worldwide city or airport']}
	at org.openqa.selenium.remote.http.W3CHttpResponseCodec.createException(W3CHttpResponseCodec.java:187)
	at org.openqa.selenium.remote.http.W3CHttpResponseCodec.decode(W3CHttpResponseCodec.java:122)
	at org.openqa.selenium.remote.http.W3CHttpResponseCodec.decode(W3CHttpResponseCodec.java:49)
	at org.openqa.selenium.remote.HttpCommandExecutor.execute(HttpCommandExecutor.java:158)
	at org.openqa.selenium.remote.service.DriverCommandExecutor.execute(DriverCommandExecutor.java:83)
	at org.openqa.selenium.remote.RemoteWebDriver.execute(RemoteWebDriver.java:552)
	at org.openqa.selenium.remote.RemoteWebDriver.findElement(RemoteWebDriver.java:323)
	at org.openqa.selenium.remote.RemoteWebDriver.findElementByXPath(RemoteWebDriver.java:428)
	at org.openqa.selenium.By$ByXPath.findElement(By.java:353)
	at org.openqa.selenium.remote.RemoteWebDriver.findElement(RemoteWebDriver.java:315)
	at org.openqa.selenium.support.pagefactory.DefaultElementLocator.findElement(DefaultElementLocator.java:69)
	at org.openqa.selenium.support.pagefactory.internal.LocatingElementHandler.invoke(LocatingElementHandler.java:38)
	at com.sun.proxy.$Proxy12.getAttribute(Unknown Source)
	at ClearTripPages.SearchFlights.selectFromAirport(SearchFlights.java:72)
	at ClearTripTests.FlightsTest.searchFlights(FlightsTest.java:52)
... Removed 29 stack frames]]>
    </failure>
  </testcase> <!-- searchFlights -->
  <testcase classname="ClearTripTests.FlightsTest" name="bookFlights" time="0.0">
    <skipped/>
  </testcase> <!-- bookFlights -->
  <testcase classname="ClearTripTests.FlightsTest" name="selectFare" time="0.0">
    <skipped/>
  </testcase> <!-- selectFare -->
  <testcase classname="ClearTripTests.FlightsTest" name="addContactDetails" time="0.0">
    <skipped/>
  </testcase> <!-- addContactDetails -->
</testsuite> <!-- Test Basics 1 -->
